<?xml version="1.0" encoding="UTF-8"?>
<!-- Generated by org.testng.reporters.JUnitXMLReporter -->
<testsuite ignored="0" hostname="LAPTOP-BL1QE2EF" failures="0" tests="10" name="Default test" time="293.322" errors="0" timestamp="2024-09-12T15:28:34 ADT">
  <testcase classname="test.search" name="sotin" time="11.508"/>
  <testcase classname="test.search" name="sortfilter" time="9.828"/>
  <testcase classname="test.search" name="assert2" time="152.702"/>
  <testcase classname="test.search" name="searchbox" time="7.737"/>
  <testcase classname="test.search" name="searchbox" time="12.471"/>
  <testcase classname="test.search" name="searchbox" time="10.434"/>
  <testcase classname="test.search" name="searchbox" time="16.74"/>
  <testcase classname="test.search" name="searchbox" time="10.68"/>
  <testcase classname="test.search" name="searchbox" time="7.578"/>
  <testcase classname="test.search" name="partialitem" time="11.087"/>
</testsuite> <!-- Default test -->
